<?xml version="1.0" encoding="UTF-8"?>
<!-- Generated by org.testng.reporters.JUnitReportReporter -->
<testsuite hostname="DESKTOP-LVM6PIB" failures="0" tests="1" name="restAPI.PutRequest" time="3.376" errors="0" timestamp="11 Jun 2022 13:57:42 GMT" skipped="0">
  <testcase classname="restAPI.PutRequest" name="test1" time="3.376"/>
</testsuite> <!-- restAPI.PutRequest -->
