<?xml version="1.0" encoding="UTF-8"?>
<!-- Generated by org.testng.reporters.JUnitReportReporter -->
<testsuite hostname="DESKTOP-LVM6PIB" failures="0" tests="1" name="restBDD.DeleteRequestBDD" time="3.243" errors="0" timestamp="16 Jun 2022 06:34:38 GMT" skipped="0">
  <testcase classname="restBDD.DeleteRequestBDD" name="test1" time="3.243"/>
</testsuite> <!-- restBDD.DeleteRequestBDD -->
