<?xml version="1.0" encoding="UTF-8"?>
<!-- Generated by org.testng.reporters.JUnitReportReporter -->
<testsuite hostname="DESKTOP-LVM6PIB" failures="0" tests="1" name="restAPI.GetRequest" time="3.073" errors="0" timestamp="11 Jun 2022 14:00:25 GMT" skipped="0">
  <testcase classname="restAPI.GetRequest" name="test1" time="3.073"/>
</testsuite> <!-- restAPI.GetRequest -->
