<?xml version="1.0" encoding="UTF-8"?>
<!-- Generated by org.testng.reporters.JUnitReportReporter -->
<testsuite hostname="DESKTOP-LVM6PIB" failures="0" tests="1" name="restAPIXML.XMLTest" time="4.765" errors="0" timestamp="16 Jun 2022 18:49:41 GMT" skipped="0">
  <testcase classname="restAPIXML.XMLTest" name="test2" time="4.765"/>
</testsuite> <!-- restAPIXML.XMLTest -->
