<?xml version="1.0" encoding="UTF-8"?>
<!-- Generated by org.testng.reporters.JUnitReportReporter -->
<testsuite hostname="DESKTOP-LVM6PIB" failures="0" tests="1" name="apiChaining.EndToEndTest" time="5.047" errors="0" timestamp="15 Jun 2022 06:15:23 GMT" skipped="0">
  <testcase classname="apiChaining.EndToEndTest" name="test1" time="5.047"/>
</testsuite> <!-- apiChaining.EndToEndTest -->
