<?xml version="1.0" encoding="UTF-8"?>
<!-- Generated by org.testng.reporters.JUnitReportReporter -->
<testsuite hostname="DESKTOP-LVM6PIB" failures="0" tests="1" name="restAPI.PostRequestWithFile" time="4.672" errors="0" timestamp="11 Jun 2022 13:45:09 GMT" skipped="0">
  <testcase classname="restAPI.PostRequestWithFile" name="test1" time="4.672"/>
</testsuite> <!-- restAPI.PostRequestWithFile -->
