<?xml version="1.0" encoding="UTF-8"?>
<!-- Generated by org.testng.reporters.JUnitReportReporter -->
<testsuite hostname="DESKTOP-LVM6PIB" failures="0" tests="3" name="restBDD.GetRequestBDD" time="4.087" errors="0" timestamp="15 Jun 2022 18:37:12 GMT" skipped="0">
  <testcase classname="restBDD.GetRequestBDD" name="test3" time="0.129"/>
  <testcase classname="restBDD.GetRequestBDD" name="test2" time="1.271"/>
  <testcase classname="restBDD.GetRequestBDD" name="test1" time="2.687"/>
</testsuite> <!-- restBDD.GetRequestBDD -->
