<?xml version="1.0" encoding="UTF-8"?>
<!-- Generated by org.testng.reporters.JUnitReportReporter -->
<testsuite hostname="DESKTOP-LVM6PIB" failures="0" tests="1" name="oAuth.oAuthExample" time="6.150" errors="0" timestamp="21 Jun 2022 19:35:09 GMT" skipped="0">
  <testcase classname="oAuth.oAuthExample" name="test1" time="6.150"/>
</testsuite> <!-- oAuth.oAuthExample -->
