<?xml version="1.0" encoding="UTF-8"?>
<!-- Generated by org.testng.reporters.JUnitReportReporter -->
<testsuite hostname="DESKTOP-LVM6PIB" failures="0" tests="1" name="restBDD.PutRequestBDD" time="4.974" errors="0" timestamp="16 Jun 2022 06:31:55 GMT" skipped="0">
  <testcase classname="restBDD.PutRequestBDD" name="test1" time="4.974"/>
</testsuite> <!-- restBDD.PutRequestBDD -->
