<?xml version="1.0" encoding="UTF-8"?>
<!-- Generated by org.testng.reporters.JUnitReportReporter -->
<testsuite hostname="DESKTOP-LVM6PIB" failures="0" tests="2" name="gitHub.EndToEndTest" time="5.367" errors="0" timestamp="15 Jun 2022 06:52:05 GMT" skipped="0">
  <testcase classname="gitHub.EndToEndTest" name="test1" time="3.957"/>
  <testcase classname="gitHub.EndToEndTest" name="test2" time="1.410"/>
</testsuite> <!-- gitHub.EndToEndTest -->
