<?xml version="1.0" encoding="UTF-8"?>
<!-- Generated by org.testng.reporters.JUnitReportReporter -->
<testsuite hostname="DESKTOP-LVM6PIB" failures="0" tests="1" name="restAPI.GetRequestWithParams" time="4.148" errors="0" timestamp="11 Jun 2022 13:18:58 GMT" skipped="0">
  <testcase classname="restAPI.GetRequestWithParams" name="test1" time="4.148"/>
</testsuite> <!-- restAPI.GetRequestWithParams -->
