<?xml version="1.0" encoding="UTF-8"?>
<!-- Generated by org.testng.reporters.JUnitReportReporter -->
<testsuite hostname="DESKTOP-LVM6PIB" failures="0" tests="1" name="restAPI.PostRequest" time="4.559" errors="0" timestamp="11 Jun 2022 11:42:01 GMT" skipped="0">
  <testcase classname="restAPI.PostRequest" name="test1" time="4.559"/>
</testsuite> <!-- restAPI.PostRequest -->
