<?xml version="1.0" encoding="UTF-8"?>
<!-- Generated by org.testng.reporters.JUnitReportReporter -->
<testsuite hostname="DESKTOP-LVM6PIB" failures="0" tests="1" name="restAPI.PostRequestWithJsonObject" time="4.548" errors="0" timestamp="11 Jun 2022 13:18:43 GMT" skipped="0">
  <testcase classname="restAPI.PostRequestWithJsonObject" name="test1" time="4.548"/>
</testsuite> <!-- restAPI.PostRequestWithJsonObject -->
