<?xml version="1.0" encoding="UTF-8"?>
<!-- Generated by org.testng.reporters.JUnitReportReporter -->
<testsuite hostname="DESKTOP-LVM6PIB" failures="0" tests="1" name="restAPI.PostRequestWithMap" time="4.852" errors="0" timestamp="11 Jun 2022 13:25:20 GMT" skipped="0">
  <testcase classname="restAPI.PostRequestWithMap" name="test1" time="4.852"/>
</testsuite> <!-- restAPI.PostRequestWithMap -->
