<?xml version="1.0" encoding="UTF-8"?>
<!-- Generated by org.testng.reporters.JUnitReportReporter -->
<testsuite hostname="DESKTOP-LVM6PIB" failures="0" tests="1" name="restBDD.PostRequestBDD" time="5.280" errors="0" timestamp="16 Jun 2022 06:27:43 GMT" skipped="0">
  <testcase classname="restBDD.PostRequestBDD" name="test1" time="5.280"/>
</testsuite> <!-- restBDD.PostRequestBDD -->
