<?xml version="1.0" encoding="UTF-8"?>
<!-- Generated by org.testng.reporters.JUnitReportReporter -->
<testsuite hostname="DESKTOP-LVM6PIB" failures="0" tests="1" name="restAPI.DeleteRequest" time="2.891" errors="0" timestamp="11 Jun 2022 15:33:59 GMT" skipped="0">
  <testcase classname="restAPI.DeleteRequest" name="test1" time="2.891"/>
</testsuite> <!-- restAPI.DeleteRequest -->
