<?xml version="1.0" encoding="UTF-8"?>
<!-- Generated by org.testng.reporters.JUnitReportReporter -->
<testsuite skipped="0" hostname="DESKTOP-LVM6PIB" name="apiChaining.EndToEndTest" tests="1" failures="0" timestamp="11 Jun 2022 15:56:52 GMT" time="4.357" errors="0">
  <testcase name="test1" time="4.357" classname="apiChaining.EndToEndTest"/>
</testsuite> <!-- apiChaining.EndToEndTest -->
